Welcome to Xilinx CORE Generator.
Help system initialized.
The IP Catalog has been reloaded.
Opening project file /home/lykkebo/mecobo/fpga/cmd_fifo/mecobo_fifo.cgp.
Recustomize and Generate (Under Original Project Settings)INFO:sim:172 - Generating IP...
Cancelled executing Tcl generator.
Recustomize and Generate (Under Current Project Settings)INFO:sim:172 - Generating IP...
Applying current project options...
Finished applying current project options.
WARNING:sim - A core named 'command_fifo' already exists in the project. Output
   products for this core may be overwritten.
Resolving generics for 'command_fifo'...
WARNING:sim - A core named 'command_fifo' already exists in the project. Output
   products for this core may be overwritten.
Applying external generics to 'command_fifo'...
Delivering associated files for 'command_fifo'...
Delivering EJava files for 'command_fifo'...
Generating implementation netlist for 'command_fifo'...
INFO:sim - Pre-processing HDL files for 'command_fifo'...
WARNING:sim - BlackBox generator run option '-ifmt' found multiple times. Only
   the first occurence is considered.
Running synthesis for 'command_fifo'
Running ngcbuild...
Writing VEO instantiation template for 'command_fifo'...
Writing Verilog behavioral simulation model for 'command_fifo'...
WARNING:sim - Overwriting existing file
   /home/lykkebo/mecobo/fpga/cmd_fifo/tmp/_cg/command_fifo/doc/fifo_generator_v9
   _3_vinfo.html with file from view xilinx_documentation
Delivered 3 files into directory
/home/lykkebo/mecobo/fpga/cmd_fifo/tmp/_cg/command_fifo
Delivered 1 file into directory
/home/lykkebo/mecobo/fpga/cmd_fifo/tmp/_cg/command_fifo
Generating ASY schematic symbol...
INFO:sim:949 - Finished generation of ASY schematic symbol.
Generating metadata file...
Regenerating ISE project file for 'command_fifo'...
Generating ISE project...
XCO file found: command_fifo.xco
XMDF file found: command_fifo_xmdf.tcl
Adding /home/lykkebo/mecobo/fpga/cmd_fifo/tmp/_cg/command_fifo.asy -view all
-origin_type imported
Adding /home/lykkebo/mecobo/fpga/cmd_fifo/tmp/_cg/command_fifo.ngc -view all
-origin_type created
Checking file "/home/lykkebo/mecobo/fpga/cmd_fifo/tmp/_cg/command_fifo.ngc" for
project device match ...
File "/home/lykkebo/mecobo/fpga/cmd_fifo/tmp/_cg/command_fifo.ngc" device
information matches project device.
Adding /home/lykkebo/mecobo/fpga/cmd_fifo/tmp/_cg/command_fifo.v -view all
-origin_type created
INFO:HDLCompiler:1845 - Analyzing Verilog file
   "/home/lykkebo/mecobo/fpga/cmd_fifo/tmp/_cg/command_fifo.v" into library work
INFO:ProjectMgmt - Parsing design hierarchy completed successfully.
Adding /home/lykkebo/mecobo/fpga/cmd_fifo/tmp/_cg/command_fifo.veo -view all
-origin_type imported
INFO:TclTasksC:2116 - The automatic calculation of top has been turned-off.
   Please set the new top explicitly by running the "project set top" command.
   To re-calculate the new top automatically, set the "Auto Implementation Top"
   property to true.
Top level has been set to "/command_fifo"
Generating README file...
Generating FLIST file...
INFO:sim:948 - Finished FLIST file generation.
Launching README viewer...
Moving files to output directory...
Finished moving files to output directory
Saved CGP file for project 'mecobo_fifo'.
Recustomize and Generate (Under Current Project Settings)INFO:sim:172 - Generating IP...
Applying current project options...
Finished applying current project options.
WARNING:sim - A core named 'command_fifo' already exists in the project. Output
   products for this core may be overwritten.
Resolving generics for 'command_fifo'...
WARNING:sim - A core named 'command_fifo' already exists in the project. Output
   products for this core may be overwritten.
Applying external generics to 'command_fifo'...
Delivering associated files for 'command_fifo'...
Delivering EJava files for 'command_fifo'...
Generating implementation netlist for 'command_fifo'...
INFO:sim - Pre-processing HDL files for 'command_fifo'...
WARNING:sim - BlackBox generator run option '-ifmt' found multiple times. Only
   the first occurence is considered.
Running synthesis for 'command_fifo'
Running ngcbuild...
Writing VEO instantiation template for 'command_fifo'...
Writing Verilog behavioral simulation model for 'command_fifo'...
WARNING:sim - Overwriting existing file
   /home/lykkebo/mecobo/fpga/cmd_fifo/tmp/_cg/command_fifo/doc/fifo_generator_v9
   _3_vinfo.html with file from view xilinx_documentation
Delivered 3 files into directory
/home/lykkebo/mecobo/fpga/cmd_fifo/tmp/_cg/command_fifo
Delivered 1 file into directory
/home/lykkebo/mecobo/fpga/cmd_fifo/tmp/_cg/command_fifo
Generating ASY schematic symbol...
INFO:sim:949 - Finished generation of ASY schematic symbol.
Generating metadata file...
Regenerating ISE project file for 'command_fifo'...
Generating ISE project...
XCO file found: command_fifo.xco
XMDF file found: command_fifo_xmdf.tcl
Adding /home/lykkebo/mecobo/fpga/cmd_fifo/tmp/_cg/command_fifo.asy -view all
-origin_type imported
Adding /home/lykkebo/mecobo/fpga/cmd_fifo/tmp/_cg/command_fifo.ngc -view all
-origin_type created
Checking file "/home/lykkebo/mecobo/fpga/cmd_fifo/tmp/_cg/command_fifo.ngc" for
project device match ...
File "/home/lykkebo/mecobo/fpga/cmd_fifo/tmp/_cg/command_fifo.ngc" device
information matches project device.
Adding /home/lykkebo/mecobo/fpga/cmd_fifo/tmp/_cg/command_fifo.v -view all
-origin_type created
INFO:HDLCompiler:1845 - Analyzing Verilog file
   "/home/lykkebo/mecobo/fpga/cmd_fifo/tmp/_cg/command_fifo.v" into library work
INFO:ProjectMgmt - Parsing design hierarchy completed successfully.
Adding /home/lykkebo/mecobo/fpga/cmd_fifo/tmp/_cg/command_fifo.veo -view all
-origin_type imported
INFO:TclTasksC:2116 - The automatic calculation of top has been turned-off.
   Please set the new top explicitly by running the "project set top" command.
   To re-calculate the new top automatically, set the "Auto Implementation Top"
   property to true.
Top level has been set to "/command_fifo"
Generating README file...
Generating FLIST file...
INFO:sim:948 - Finished FLIST file generation.
Launching README viewer...
Moving files to output directory...
Finished moving files to output directory
Saved CGP file for project 'mecobo_fifo'.
Recustomize and Generate (Under Current Project Settings)INFO:sim:172 - Generating IP...
Applying current project options...
Finished applying current project options.
WARNING:sim - A core named 'command_fifo' already exists in the project. Output
   products for this core may be overwritten.
Resolving generics for 'command_fifo'...
WARNING:sim - A core named 'command_fifo' already exists in the project. Output
   products for this core may be overwritten.
Applying external generics to 'command_fifo'...
Delivering associated files for 'command_fifo'...
Delivering EJava files for 'command_fifo'...
Generating implementation netlist for 'command_fifo'...
INFO:sim - Pre-processing HDL files for 'command_fifo'...
WARNING:sim - BlackBox generator run option '-ifmt' found multiple times. Only
   the first occurence is considered.
Running synthesis for 'command_fifo'
Running ngcbuild...
Writing VEO instantiation template for 'command_fifo'...
Writing Verilog behavioral simulation model for 'command_fifo'...
WARNING:sim - Overwriting existing file
   /home/lykkebo/mecobo/fpga/cmd_fifo/tmp/_cg/command_fifo/doc/fifo_generator_v9
   _3_vinfo.html with file from view xilinx_documentation
Delivered 3 files into directory
/home/lykkebo/mecobo/fpga/cmd_fifo/tmp/_cg/command_fifo
Delivered 1 file into directory
/home/lykkebo/mecobo/fpga/cmd_fifo/tmp/_cg/command_fifo
Generating ASY schematic symbol...
INFO:sim:949 - Finished generation of ASY schematic symbol.
Generating metadata file...
Regenerating ISE project file for 'command_fifo'...
Generating ISE project...
XCO file found: command_fifo.xco
XMDF file found: command_fifo_xmdf.tcl
Adding /home/lykkebo/mecobo/fpga/cmd_fifo/tmp/_cg/command_fifo.asy -view all
-origin_type imported
Adding /home/lykkebo/mecobo/fpga/cmd_fifo/tmp/_cg/command_fifo.ngc -view all
-origin_type created
Checking file "/home/lykkebo/mecobo/fpga/cmd_fifo/tmp/_cg/command_fifo.ngc" for
project device match ...
File "/home/lykkebo/mecobo/fpga/cmd_fifo/tmp/_cg/command_fifo.ngc" device
information matches project device.
Adding /home/lykkebo/mecobo/fpga/cmd_fifo/tmp/_cg/command_fifo.v -view all
-origin_type created
INFO:HDLCompiler:1845 - Analyzing Verilog file
   "/home/lykkebo/mecobo/fpga/cmd_fifo/tmp/_cg/command_fifo.v" into library work
INFO:ProjectMgmt - Parsing design hierarchy completed successfully.
Adding /home/lykkebo/mecobo/fpga/cmd_fifo/tmp/_cg/command_fifo.veo -view all
-origin_type imported
INFO:TclTasksC:2116 - The automatic calculation of top has been turned-off.
   Please set the new top explicitly by running the "project set top" command.
   To re-calculate the new top automatically, set the "Auto Implementation Top"
   property to true.
Top level has been set to "/command_fifo"
Generating README file...
Generating FLIST file...
INFO:sim:948 - Finished FLIST file generation.
Launching README viewer...
Moving files to output directory...
Finished moving files to output directory
Saved CGP file for project 'mecobo_fifo'.
