C:\USERS\SIMONH\DROPBOX\API\WINHOST1\WINHOST1\WINHOST1\DEBUG\WINHOST1.PCH
C:\USERS\SIMONH\DROPBOX\API\WINHOST1\WINHOST1\WINHOST1\DEBUG\STDAFX.OBJ
C:\USERS\SIMONH\DROPBOX\API\WINHOST1\WINHOST1\WINHOST1\DEBUG\VC110.PDB
C:\USERS\SIMONH\DROPBOX\API\WINHOST1\WINHOST1\WINHOST1\DEBUG\EMDATAAPI.OBJ
C:\USERS\SIMONH\DROPBOX\API\WINHOST1\WINHOST1\WINHOST1\DEBUG\EMEVOLVABLEMOTHERBOARD.OBJ
C:\USERS\SIMONH\DROPBOX\API\WINHOST1\WINHOST1\WINHOST1\DEBUG\EMMOTHERBOARD.OBJ
C:\USERS\SIMONH\DROPBOX\API\WINHOST1\WINHOST1\WINHOST1\DEBUG\NASCENSEAPI_V01D_CONSTANTS.OBJ
C:\USERS\SIMONH\DROPBOX\API\WINHOST1\WINHOST1\WINHOST1\DEBUG\NASCENSEAPI_V01D_TYPES.OBJ
C:\USERS\SIMONH\DROPBOX\API\WINHOST1\WINHOST1\WINHOST1\DEBUG\SHARED_CONSTANTS.OBJ
C:\USERS\SIMONH\DROPBOX\API\WINHOST1\WINHOST1\WINHOST1\DEBUG\WINHOST1.OBJ
C:\USERS\SIMONH\DROPBOX\API\WINHOST1\WINHOST1\WINHOST1\DEBUG\USB.OBJ
C:\USERS\SIMONH\DROPBOX\API\WINHOST1\WINHOST1\WINHOST1\DEBUG\EMMOTHERBOARDIMP.OBJ
C:\USERS\SIMONH\DROPBOX\API\WINHOST1\WINHOST1\WINHOST1\DEBUG\EVO_CLI.OBJ
C:\USERS\SIMONH\DROPBOX\API\WINHOST1\WINHOST1\DEBUG\WINHOST1.ILK
C:\USERS\SIMONH\DROPBOX\API\WINHOST1\WINHOST1\DEBUG\WINHOST1.EXE
C:\USERS\SIMONH\DROPBOX\API\WINHOST1\WINHOST1\DEBUG\WINHOST1.PDB
C:\Users\simonh\Dropbox\API\winhost1\winhost1\winhost1\Debug\emDataApi.obj
C:\Users\simonh\Dropbox\API\winhost1\winhost1\winhost1\Debug\emEvolvableMotherboard.obj
C:\Users\simonh\Dropbox\API\winhost1\winhost1\winhost1\Debug\emMotherboard.obj
C:\Users\simonh\Dropbox\API\winhost1\winhost1\winhost1\Debug\emMotherboardImp.obj
C:\Users\simonh\Dropbox\API\winhost1\winhost1\winhost1\Debug\evo_cli.obj
C:\Users\simonh\Dropbox\API\winhost1\winhost1\winhost1\Debug\NascenseAPI_v01d_constants.obj
C:\Users\simonh\Dropbox\API\winhost1\winhost1\winhost1\Debug\NascenseAPI_v01d_types.obj
C:\Users\simonh\Dropbox\API\winhost1\winhost1\winhost1\Debug\shared_constants.obj
C:\Users\simonh\Dropbox\API\winhost1\winhost1\winhost1\Debug\stdafx.obj
C:\Users\simonh\Dropbox\API\winhost1\winhost1\winhost1\Debug\usb.obj
C:\Users\simonh\Dropbox\API\winhost1\winhost1\winhost1\Debug\winhost1.obj
C:\Users\simonh\Dropbox\API\winhost1\winhost1\winhost1\Debug\cl.command.1.tlog
C:\Users\simonh\Dropbox\API\winhost1\winhost1\winhost1\Debug\CL.read.1.tlog
C:\Users\simonh\Dropbox\API\winhost1\winhost1\winhost1\Debug\CL.write.1.tlog
C:\Users\simonh\Dropbox\API\winhost1\winhost1\winhost1\Debug\link-cvtres.read.1.tlog
C:\Users\simonh\Dropbox\API\winhost1\winhost1\winhost1\Debug\link-cvtres.write.1.tlog
C:\Users\simonh\Dropbox\API\winhost1\winhost1\winhost1\Debug\link-rc.read.1.tlog
C:\Users\simonh\Dropbox\API\winhost1\winhost1\winhost1\Debug\link-rc.write.1.tlog
C:\Users\simonh\Dropbox\API\winhost1\winhost1\winhost1\Debug\link.6208-cvtres.read.1.tlog
C:\Users\simonh\Dropbox\API\winhost1\winhost1\winhost1\Debug\link.6208-cvtres.write.1.tlog
C:\Users\simonh\Dropbox\API\winhost1\winhost1\winhost1\Debug\link.6208-rc.read.1.tlog
C:\Users\simonh\Dropbox\API\winhost1\winhost1\winhost1\Debug\link.6208-rc.write.1.tlog
C:\Users\simonh\Dropbox\API\winhost1\winhost1\winhost1\Debug\link.6208.read.1.tlog
C:\Users\simonh\Dropbox\API\winhost1\winhost1\winhost1\Debug\link.6208.write.1.tlog
C:\Users\simonh\Dropbox\API\winhost1\winhost1\winhost1\Debug\link.command.1.tlog
C:\Users\simonh\Dropbox\API\winhost1\winhost1\winhost1\Debug\link.read.1.tlog
C:\Users\simonh\Dropbox\API\winhost1\winhost1\winhost1\Debug\link.write.1.tlog
C:\Users\simonh\Dropbox\API\winhost1\winhost1\winhost1\Debug\winhost1.pch
C:\Users\simonh\Dropbox\API\winhost1\winhost1\winhost1\Debug\vc110.idb
C:\Users\simonh\Dropbox\API\winhost1\winhost1\winhost1\Debug\vc110.pdb
C:\Users\simonh\Dropbox\API\winhost1\winhost1\Debug\winhost1.pdb
C:\Users\simonh\Dropbox\API\winhost1\winhost1\Debug\winhost1.exe
C:\Users\simonh\Dropbox\API\winhost1\winhost1\Debug\winhost1.ilk
