Build started 01/10/2013 11:22:31.
     1>Project "C:\Users\simonh\Dropbox\API\winhost1\winhost1\winhost1\winhost1.vcxproj" on node 2 (Build target(s)).
     1>ClCompile:
         C:\Program Files (x86)\Microsoft Visual Studio 11.0\VC\bin\CL.exe /c /Zi /nologo /W3 /WX- /sdl /O2 /Oi /Oy- /GL /D WIN32 /D NDEBUG /D _CONSOLE /D _UNICODE /D UNICODE /Gm- /EHsc /MD /GS /Gy /fp:precise /Zc:wchar_t /Zc:forScope /Yu"stdafx.h" /Fp"Release\winhost1.pch" /Fo"Release\\" /Fd"Release\vc110.pdb" /Gd /TP /analyze- /errorReport:prompt ..\emDataApi.cpp ..\emEvolvableMotherboard.cpp ..\emMotherboard.cpp ..\NascenseAPI_v01d_constants.cpp ..\NascenseAPI_v01d_types.cpp ..\shared_constants.cpp ..\usb.cpp
         emDataApi.cpp
     1>..\emDataApi.cpp(7): warning C4627: '#include "emDataApi.h"': skipped when looking for precompiled header use
                 Add directive to 'stdafx.h' or rebuild precompiled header
     1>..\emDataApi.cpp(5924): fatal error C1010: unexpected end of file while looking for precompiled header. Did you forget to add '#include "stdafx.h"' to your source?
         emEvolvableMotherboard.cpp
     1>..\emEvolvableMotherboard.cpp(7): warning C4627: '#include "emEvolvableMotherboard.h"': skipped when looking for precompiled header use
                 Add directive to 'stdafx.h' or rebuild precompiled header
     1>..\emEvolvableMotherboard.cpp(4723): fatal error C1010: unexpected end of file while looking for precompiled header. Did you forget to add '#include "stdafx.h"' to your source?
         emMotherboard.cpp
     1>..\emMotherboard.cpp(4): warning C4627: '#include "emEvolvableMotherboard.h"': skipped when looking for precompiled header use
                 Add directive to 'stdafx.h' or rebuild precompiled header
     1>..\emMotherboard.cpp(5): warning C4627: '#include <thrift/protocol/TBinaryProtocol.h>': skipped when looking for precompiled header use
                 Add directive to 'stdafx.h' or rebuild precompiled header
     1>..\emMotherboard.cpp(6): warning C4627: '#include <thrift/server/TSimpleServer.h>': skipped when looking for precompiled header use
                 Add directive to 'stdafx.h' or rebuild precompiled header
     1>..\emMotherboard.cpp(7): warning C4627: '#include <thrift/transport/TServerSocket.h>': skipped when looking for precompiled header use
                 Add directive to 'stdafx.h' or rebuild precompiled header
     1>..\emMotherboard.cpp(8): warning C4627: '#include <thrift/transport/TBufferTransports.h>': skipped when looking for precompiled header use
                 Add directive to 'stdafx.h' or rebuild precompiled header
     1>..\emMotherboard.cpp(10): warning C4627: '#include "mecohost.h"': skipped when looking for precompiled header use
                 Add directive to 'stdafx.h' or rebuild precompiled header
     1>..\emMotherboard.cpp(11): warning C4627: '#include "../mecoprot.h"': skipped when looking for precompiled header use
                 Add directive to 'stdafx.h' or rebuild precompiled header
     1>..\emMotherboard.cpp(12): warning C4627: '#include <map>': skipped when looking for precompiled header use
                 Add directive to 'stdafx.h' or rebuild precompiled header
     1>..\emMotherboard.cpp(13): warning C4627: '#include <queue>': skipped when looking for precompiled header use
                 Add directive to 'stdafx.h' or rebuild precompiled header
     1>..\emMotherboard.cpp(14): warning C4627: '#include <thread>': skipped when looking for precompiled header use
                 Add directive to 'stdafx.h' or rebuild precompiled header
     1>..\emMotherboard.cpp(372): fatal error C1010: unexpected end of file while looking for precompiled header. Did you forget to add '#include "stdafx.h"' to your source?
         NascenseAPI_v01d_constants.cpp
     1>..\NascenseAPI_v01d_constants.cpp(7): warning C4627: '#include "NascenseAPI_v01d_constants.h"': skipped when looking for precompiled header use
                 Add directive to 'stdafx.h' or rebuild precompiled header
     1>..\NascenseAPI_v01d_constants.cpp(18): fatal error C1010: unexpected end of file while looking for precompiled header. Did you forget to add '#include "stdafx.h"' to your source?
         NascenseAPI_v01d_types.cpp
     1>..\NascenseAPI_v01d_types.cpp(7): warning C4627: '#include "NascenseAPI_v01d_types.h"': skipped when looking for precompiled header use
                 Add directive to 'stdafx.h' or rebuild precompiled header
     1>..\NascenseAPI_v01d_types.cpp(9): warning C4627: '#include <algorithm>': skipped when looking for precompiled header use
                 Add directive to 'stdafx.h' or rebuild precompiled header
     1>..\NascenseAPI_v01d_types.cpp(674): fatal error C1010: unexpected end of file while looking for precompiled header. Did you forget to add '#include "stdafx.h"' to your source?
         shared_constants.cpp
     1>..\shared_constants.cpp(7): warning C4627: '#include "shared_constants.h"': skipped when looking for precompiled header use
                 Add directive to 'stdafx.h' or rebuild precompiled header
     1>..\shared_constants.cpp(18): fatal error C1010: unexpected end of file while looking for precompiled header. Did you forget to add '#include "stdafx.h"' to your source?
         usb.cpp
     1>..\usb.cpp(3): warning C4627: '#include <libusb.h>': skipped when looking for precompiled header use
                 Add directive to 'stdafx.h' or rebuild precompiled header
     1>..\usb.cpp(4): warning C4627: '#include <stdlib.h>': skipped when looking for precompiled header use
                 Add directive to 'stdafx.h' or rebuild precompiled header
     1>..\usb.cpp(5): warning C4627: '#include <omp.h>': skipped when looking for precompiled header use
                 Add directive to 'stdafx.h' or rebuild precompiled header
     1>..\usb.cpp(6): warning C4627: '#include <string.h>': skipped when looking for precompiled header use
                 Add directive to 'stdafx.h' or rebuild precompiled header
     1>..\usb.cpp(7): warning C4627: '#include <vector>': skipped when looking for precompiled header use
                 Add directive to 'stdafx.h' or rebuild precompiled header
     1>..\usb.cpp(9): warning C4627: '#include "ga.h"': skipped when looking for precompiled header use
                 Add directive to 'stdafx.h' or rebuild precompiled header
     1>..\usb.cpp(11): warning C4627: '#include "mecohost.h"': skipped when looking for precompiled header use
                 Add directive to 'stdafx.h' or rebuild precompiled header
     1>..\usb.cpp(12): warning C4627: '#include "../mecoprot.h"': skipped when looking for precompiled header use
                 Add directive to 'stdafx.h' or rebuild precompiled header
     1>..\usb.cpp(369): fatal error C1010: unexpected end of file while looking for precompiled header. Did you forget to add '#include "stdafx.h"' to your source?
     1>Done Building Project "C:\Users\simonh\Dropbox\API\winhost1\winhost1\winhost1\winhost1.vcxproj" (Build target(s)) -- FAILED.

Build FAILED.

Time Elapsed 00:00:00.18
