Release 14.5 - xst P.58f (lin64)
Copyright (c) 1995-2012 Xilinx, Inc.  All rights reserved.
--> 
Parameter TMPDIR set to xst/projnav.tmp


Total REAL time to Xst completion: 0.00 secs
Total CPU time to Xst completion: 0.09 secs
 
--> 
Parameter xsthdpdir set to xst


Total REAL time to Xst completion: 0.00 secs
Total CPU time to Xst completion: 0.09 secs
 
--> 
Reading design: mecobo.prj

TABLE OF CONTENTS
  1) Synthesis Options Summary
  2) HDL Parsing
  3) HDL Elaboration
  4) HDL Synthesis
       4.1) HDL Synthesis Report
  5) Advanced HDL Synthesis
       5.1) Advanced HDL Synthesis Report
  6) Low Level Synthesis
  7) Partition Report
  8) Design Summary
       8.1) Primitive and Black Box Usage
       8.2) Device utilization summary
       8.3) Partition Resource Summary
       8.4) Timing Report
            8.4.1) Clock Information
            8.4.2) Asynchronous Control Signals Information
            8.4.3) Timing Summary
            8.4.4) Timing Details
            8.4.5) Cross Clock Domains Report


=========================================================================
*                      Synthesis Options Summary                        *
=========================================================================
---- Source Parameters
Input File Name                    : "mecobo.prj"
Ignore Synthesis Constraint File   : NO

---- Target Parameters
Output File Name                   : "mecobo"
Output Format                      : NGC
Target Device                      : xc6slx45-3-csg324

---- Source Options
Top Module Name                    : mecobo
Automatic FSM Extraction           : YES
FSM Encoding Algorithm             : Auto
Safe Implementation                : No
FSM Style                          : LUT
RAM Extraction                     : Yes
RAM Style                          : Auto
ROM Extraction                     : Yes
Shift Register Extraction          : YES
ROM Style                          : Auto
Resource Sharing                   : YES
Asynchronous To Synchronous        : NO
Shift Register Minimum Size        : 2
Use DSP Block                      : Auto
Automatic Register Balancing       : No

---- Target Options
LUT Combining                      : Auto
Reduce Control Sets                : Auto
Add IO Buffers                     : YES
Global Maximum Fanout              : 100000
Add Generic Clock Buffer(BUFG)     : 16
Register Duplication               : YES
Optimize Instantiated Primitives   : NO
Use Clock Enable                   : Auto
Use Synchronous Set                : Auto
Use Synchronous Reset              : Auto
Pack IO Registers into IOBs        : Auto
Equivalent register Removal        : YES

---- General Options
Optimization Goal                  : Speed
Optimization Effort                : 1
Power Reduction                    : NO
Keep Hierarchy                     : No
Netlist Hierarchy                  : As_Optimized
RTL Output                         : Yes
Global Optimization                : AllClockNets
Read Cores                         : YES
Write Timing Constraints           : NO
Cross Clock Analysis               : NO
Hierarchy Separator                : /
Bus Delimiter                      : <>
Case Specifier                     : Maintain
Slice Utilization Ratio            : 100
BRAM Utilization Ratio             : 100
DSP48 Utilization Ratio            : 100
Auto BRAM Packing                  : NO
Slice Utilization Ratio Delta      : 5

=========================================================================


=========================================================================
*                          HDL Parsing                                  *
=========================================================================
Analyzing Verilog file "/home/lykkebo/mecobo/fpga/xbar_control.v" into library work
Parsing module <xbar_control>.
Analyzing Verilog file "/home/lykkebo/mecobo/fpga/scheduler.v" into library work
Parsing module <scheduler>.
Analyzing Verilog file "/home/lykkebo/mecobo/fpga/sample_collector.v" into library work
Parsing module <sample_collector>.
Analyzing Verilog file "/home/lykkebo/mecobo/fpga/sample_fifo/sample_fifo.v" into library work
Parsing module <sample_fifo>.
Analyzing Verilog file "/home/lykkebo/mecobo/fpga/ebi.v" into library work
Parsing module <ebi>.
Analyzing Verilog file "/home/lykkebo/mecobo/fpga/cmd_fifo/command_fifo.v" into library work
Parsing module <command_fifo>.
Analyzing Verilog file "/home/lykkebo/mecobo/fpga/xbar_clock.v" into library work
Parsing module <xbar_clock>.
Analyzing Verilog file "/home/lykkebo/mecobo/fpga/pincontrol.v" into library work
Parsing module <pincontrol>.
Analyzing Verilog file "/home/lykkebo/mecobo/fpga/main_clocks.v" into library work
Parsing module <main_clocks>.
Analyzing Verilog file "/home/lykkebo/mecobo/fpga/dac_control.v" into library work
Parsing module <dac_control>.
Analyzing Verilog file "/home/lykkebo/mecobo/fpga/adccontrol.v" into library work
Parsing module <adc_control>.
Analyzing Verilog file "/home/lykkebo/mecobo/fpga/toplevel.v" into library work
Parsing module <mecobo>.
Analyzing Verilog file "/home/lykkebo/mecobo/fpga/mem.v" into library work
Parsing module <mem>.
Analyzing Verilog file "/home/lykkebo/mecobo/fpga/ram.v" into library work
Parsing module <dp_ram>.
Analyzing Verilog file "/home/lykkebo/mecobo/fpga/tb.v" into library work
Parsing module <toplevel_tb>.
Analyzing Verilog file "/opt/Xilinx/14.5/ISE_DS/ISE//verilog/src/glbl.v" into library work
Parsing module <glbl>.

=========================================================================
*                            HDL Elaboration                            *
=========================================================================
WARNING:HDLCompiler:25 - "/home/lykkebo/mecobo/fpga/toplevel.v" Line 169: Module <ebi> does not have a port named <reset_time>.
WARNING:HDLCompiler:1016 - "/home/lykkebo/mecobo/fpga/toplevel.v" Line 207: Port dac_fifo_dout is not connected to this instance

Elaborating module <mecobo>.

Elaborating module <main_clocks>.

Elaborating module <IBUFG>.

Elaborating module <PLL_BASE(BANDWIDTH="OPTIMIZED",CLK_FEEDBACK="CLKFBOUT",COMPENSATION="SYSTEM_SYNCHRONOUS",DIVCLK_DIVIDE=1,CLKFBOUT_MULT=9,CLKFBOUT_PHASE=0.0,CLKOUT0_DIVIDE=6,CLKOUT0_PHASE=0.0,CLKOUT0_DUTY_CYCLE=0.5,CLKOUT1_DIVIDE=90,CLKOUT1_PHASE=0.0,CLKOUT1_DUTY_CYCLE=0.5,CLKOUT2_DIVIDE=53,CLKOUT2_PHASE=0.0,CLKOUT2_DUTY_CYCLE=0.5,CLKOUT3_DIVIDE=15,CLKOUT3_PHASE=0.0,CLKOUT3_DUTY_CYCLE=0.5,CLKIN_PERIOD=20.0,REF_JITTER=0.01)>.
WARNING:HDLCompiler:1127 - "/home/lykkebo/mecobo/fpga/main_clocks.v" Line 131: Assignment to clkout4_unused ignored, since the identifier is never used
WARNING:HDLCompiler:1127 - "/home/lykkebo/mecobo/fpga/main_clocks.v" Line 132: Assignment to clkout5_unused ignored, since the identifier is never used

Elaborating module <BUFG>.
WARNING:HDLCompiler:1127 - "/home/lykkebo/mecobo/fpga/toplevel.v" Line 119: Assignment to xbar_predivided ignored, since the identifier is never used
WARNING:HDLCompiler:1127 - "/home/lykkebo/mecobo/fpga/toplevel.v" Line 120: Assignment to ad_clk ignored, since the identifier is never used
WARNING:HDLCompiler:1127 - "/home/lykkebo/mecobo/fpga/toplevel.v" Line 121: Assignment to da_clk ignored, since the identifier is never used

Elaborating module <ebi>.
WARNING:HDLCompiler:1127 - "/home/lykkebo/mecobo/fpga/ebi.v" Line 217: Assignment to wr_transaction_done ignored, since the identifier is never used
WARNING:HDLCompiler:189 - "/home/lykkebo/mecobo/fpga/toplevel.v" Line 168: Size mismatch in connection of port <global_clock>. Formal port size is 32-bit while actual signal size is 1-bit.
ERROR:HDLCompiler:267 - "/home/lykkebo/mecobo/fpga/toplevel.v" Line 169: Cannot find port reset_time on this module
Module mecobo remains a blackbox, due to errors in its contents
WARNING:HDLCompiler:1499 - "/home/lykkebo/mecobo/fpga/toplevel.v" Line 16: Empty module <mecobo> remains a black box.
--> 


Total memory usage is 310300 kilobytes

Number of errors   :    1 (   0 filtered)
Number of warnings :   10 (   0 filtered)
Number of infos    :    0 (   0 filtered)

